#
# A fatal error has been detected by the Java Runtime Environment:
#
#  Internal Error (classFileParser.cpp:3494), pid=4684, tid=5640
#  Error: ShouldNotReachHere()
#
# JRE version: 6.0_29-b11
# Java VM: Java HotSpot(TM) Client VM (20.4-b02 mixed mode windows-x86 )
# If you would like to submit a bug report, please visit:
#   http://java.sun.com/webapps/bugreport/crash.jsp
#

---------------  T H R E A D  ---------------

Current thread (0x01949800):  JavaThread "Unknown thread" [_thread_in_vm, id=5640, stack(0x001b0000,0x00200000)]

Stack: [0x001b0000,0x00200000],  sp=0x001ff86c,  free space=318k
Native frames: (J=compiled Java code, j=interpreted, Vv=VM code, C=native code)
V  [jvm.dll+0x1335ba]
V  [jvm.dll+0x12e56b]
V  [jvm.dll+0x1639e]
V  [jvm.dll+0x17bdf]
V  [jvm.dll+0x26cc5]
V  [jvm.dll+0x27506]
V  [jvm.dll+0x278b5]
V  [jvm.dll+0x27949]
V  [jvm.dll+0x27a0c]
V  [jvm.dll+0x27a8a]
V  [jvm.dll+0x27b6d]
V  [jvm.dll+0x27e39]
V  [jvm.dll+0x6c383]
V  [jvm.dll+0x6c75c]
V  [jvm.dll+0xf9b4c]
V  [jvm.dll+0x11848b]
V  [jvm.dll+0x9eb60]
C  [javaw.exe+0x1657]
C  [javaw.exe+0x1e2c]
C  [javaw.exe+0x8614]
C  [kernel32.dll+0x4ed6c]  BaseThreadInitThunk+0x12
C  [ntdll.dll+0x6377b]  RtlInitializeExceptionChain+0xef
C  [ntdll.dll+0x6374e]  RtlInitializeExceptionChain+0xc2


---------------  P R O C E S S  ---------------

Java Threads: ( => current thread )

Other Threads:

=>0x01949800 (exited) JavaThread "Unknown thread" [_thread_in_vm, id=5640, stack(0x001b0000,0x00200000)]

VM state:not at safepoint (not fully initialized)

VM Mutex/Monitor currently owned by a thread: None

Dynamic libraries:
0x00400000 - 0x00424000 	C:\Program Files\Java\jre6\bin\javaw.exe
0x76e80000 - 0x76fbc000 	C:\Windows\SYSTEM32\ntdll.dll
0x75b50000 - 0x75c24000 	C:\Windows\system32\kernel32.dll
0x75270000 - 0x752ba000 	C:\Windows\system32\KERNELBASE.dll
0x753c0000 - 0x75460000 	C:\Windows\system32\ADVAPI32.dll
0x76020000 - 0x760cc000 	C:\Windows\system32\msvcrt.dll
0x77000000 - 0x77019000 	C:\Windows\SYSTEM32\sechost.dll
0x75310000 - 0x753b1000 	C:\Windows\system32\RPCRT4.dll
0x75c30000 - 0x75cf9000 	C:\Windows\system32\USER32.dll
0x75700000 - 0x7574e000 	C:\Windows\system32\GDI32.dll
0x77030000 - 0x7703a000 	C:\Windows\system32\LPK.dll
0x75f80000 - 0x7601d000 	C:\Windows\system32\USP10.dll
0x756e0000 - 0x756ff000 	C:\Windows\system32\IMM32.DLL
0x75760000 - 0x7582c000 	C:\Windows\system32\MSCTF.dll
0x7c340000 - 0x7c396000 	C:\Program Files\Java\jre6\bin\msvcr71.dll
0x6d7f0000 - 0x6da9f000 	C:\Program Files\Java\jre6\bin\client\jvm.dll
0x72c40000 - 0x72c72000 	C:\Windows\system32\WINMM.dll
0x74f40000 - 0x74f8c000 	C:\Windows\system32\apphelp.dll
0x6d7a0000 - 0x6d7ac000 	C:\Program Files\Java\jre6\bin\verify.dll
0x6d320000 - 0x6d33f000 	C:\Program Files\Java\jre6\bin\java.dll
0x6d7e0000 - 0x6d7ef000 	C:\Program Files\Java\jre6\bin\zip.dll
0x77020000 - 0x77025000 	C:\Windows\system32\PSAPI.DLL

VM Arguments:
jvm_args: -Dfile.encoding=GBK -Xbootclasspath:D:\android-sdk\platforms\android-8\android.jar 
java_command: file.utils.FileUtilsTest
Launcher Type: SUN_STANDARD

Environment Variables:
JAVA_HOME=C:\Java\jdk1.6.0_20\
CLASSPATH=.;C:\Java\jdk1.6.0_20\\lib\dt.jar;C:\Java\jdk1.6.0_20\\lib\tools.jar;D:\apache-tomcat-6.0.32\lib\servlet-api.jar
PATH=C:/Program Files/Java/jre6/bin/client;C:/Program Files/Java/jre6/bin;C:/Program Files/Java/jre6/lib/i386;C:\Windows\system32;C:\Windows;C:\Windows\System32\Wbem;C:\Windows\System32\WindowsPowerShell\v1.0\;C:\Program Files\Common Files\Thunder Network\KanKan\Codecs;C:\Program Files\MySQL\MySQL Server 5.5\bin;.;D:\android-sdk\platform-tools;E:\omnetpp\omnetpp-4.2\;\bin;:\Java\jdk1.6.0_20\bin;D:\android-sdk\tools\;;D:\eclipse;
USERNAME=Administrator
OS=Windows_NT
PROCESSOR_IDENTIFIER=x86 Family 6 Model 23 Stepping 10, GenuineIntel



---------------  S Y S T E M  ---------------

OS: Windows 7 Build 7601 Service Pack 1

CPU:total 2 (2 cores per cpu, 1 threads per core) family 6 model 23 stepping 10, cmov, cx8, fxsr, mmx, sse, sse2, sse3, ssse3

Memory: 4k page, physical 2056768k(457232k free), swap 4113536k(1801624k free)

vm_info: Java HotSpot(TM) Client VM (20.4-b02) for windows-x86 JRE (1.6.0_29-b11), built on Oct  3 2011 01:01:08 by "java_re" with MS VC++ 7.1 (VS2003)

time: Fri Feb 17 12:53:55 2012
elapsed time: 0 seconds

